modules/countdown-activity/android/build/intermediates/manifest_merge_blame_file/debug/processDebugManifest/manifest-merger-blame-debug-report.txt
1<?xml version="1.0" encoding="utf-8"?>
2<manifest xmlns:android="http://schemas.android.com/apk/res/android"
3    package="expo.modules.countdownactivity" >
4
5    <uses-sdk android:minSdkVersion="24" />
6
7    <uses-permission android:name="android.permission.FOREGROUND_SERVICE" />
7-->src/main/AndroidManifest.xml:3:5-77
7-->src/main/AndroidManifest.xml:3:22-74
8    <uses-permission android:name="android.permission.FOREGROUND_SERVICE_SPECIAL_USE" />
8-->src/main/AndroidManifest.xml:4:5-89
8-->src/main/AndroidManifest.xml:4:22-86
9    <uses-permission android:name="android.permission.POST_NOTIFICATIONS" />
9-->src/main/AndroidManifest.xml:5:5-77
9-->src/main/AndroidManifest.xml:5:22-74
10    <uses-permission android:name="android.permission.POST_PROMOTED_NOTIFICATIONS" />
10-->src/main/AndroidManifest.xml:6:5-86
10-->src/main/AndroidManifest.xml:6:22-83
11
12    <application>
12-->src/main/AndroidManifest.xml:8:5-13:19
13        <service
13-->src/main/AndroidManifest.xml:9:9-12:40
14            android:name="expo.modules.countdownactivity.TimerService"
14-->src/main/AndroidManifest.xml:10:13-41
15            android:exported="false"
15-->src/main/AndroidManifest.xml:12:13-37
16            android:foregroundServiceType="specialUse" />
16-->src/main/AndroidManifest.xml:11:13-55
17    </application>
18
19</manifest>